cl : Linha de comando warning D9035: opção 'Gm' foi preterida e será removida em uma versão futura
  Orchestrator.cpp
c:\users\gabriel\documents\github\heatbox-system\socketserver.h(3): warning C4005: '_CRT_SECURE_NO_WARNINGS': redefinição de macro
  c:\users\gabriel\documents\github\heatbox-system\orchestrator.cpp: note: consulte a definição anterior de '_CRT_SECURE_NO_WARNINGS'
c:\program files (x86)\windows kits\10\include\10.0.17134.0\shared\ws2def.h(103): warning C4005: 'AF_IPX': redefinição de macro
  c:\program files (x86)\windows kits\10\include\10.0.17134.0\um\winsock.h(457): note: consulte a definição anterior de 'AF_IPX'
c:\program files (x86)\windows kits\10\include\10.0.17134.0\shared\ws2def.h(147): warning C4005: 'AF_MAX': redefinição de macro
  c:\program files (x86)\windows kits\10\include\10.0.17134.0\um\winsock.h(476): note: consulte a definição anterior de 'AF_MAX'
c:\program files (x86)\windows kits\10\include\10.0.17134.0\shared\ws2def.h(185): warning C4005: 'SO_DONTLINGER': redefinição de macro
  c:\program files (x86)\windows kits\10\include\10.0.17134.0\um\winsock.h(399): note: consulte a definição anterior de 'SO_DONTLINGER'
c:\program files (x86)\windows kits\10\include\10.0.17134.0\shared\ws2def.h(235): error C2011: 'sockaddr': redefinição do tipo 'struct'
  c:\program files (x86)\windows kits\10\include\10.0.17134.0\um\winsock.h(1007): note: consulte a declaração de 'sockaddr'
c:\program files (x86)\windows kits\10\include\10.0.17134.0\shared\ws2def.h(437): error C2059: erro de sintaxe: 'constante'
c:\program files (x86)\windows kits\10\include\10.0.17134.0\shared\ws2def.h(437): error C3805: 'constante': token inesperado, esperado '}' ou ','
c:\program files (x86)\windows kits\10\include\10.0.17134.0\shared\ws2def.h(572): warning C4005: 'IN_CLASSA': redefinição de macro
  c:\program files (x86)\windows kits\10\include\10.0.17134.0\um\winsock.h(284): note: consulte a definição anterior de 'IN_CLASSA'
c:\program files (x86)\windows kits\10\include\10.0.17134.0\shared\ws2def.h(578): warning C4005: 'IN_CLASSB': redefinição de macro
  c:\program files (x86)\windows kits\10\include\10.0.17134.0\um\winsock.h(290): note: consulte a definição anterior de 'IN_CLASSB'
c:\program files (x86)\windows kits\10\include\10.0.17134.0\shared\ws2def.h(584): warning C4005: 'IN_CLASSC': redefinição de macro
  c:\program files (x86)\windows kits\10\include\10.0.17134.0\um\winsock.h(296): note: consulte a definição anterior de 'IN_CLASSC'
c:\program files (x86)\windows kits\10\include\10.0.17134.0\shared\ws2def.h(595): warning C4005: 'INADDR_ANY': redefinição de macro
  c:\program files (x86)\windows kits\10\include\10.0.17134.0\um\winsock.h(301): note: consulte a definição anterior de 'INADDR_ANY'
c:\program files (x86)\windows kits\10\include\10.0.17134.0\shared\ws2def.h(597): warning C4005: 'INADDR_BROADCAST': redefinição de macro
  c:\program files (x86)\windows kits\10\include\10.0.17134.0\um\winsock.h(303): note: consulte a definição anterior de 'INADDR_BROADCAST'
c:\program files (x86)\windows kits\10\include\10.0.17134.0\shared\ws2def.h(633): error C2011: 'sockaddr_in': redefinição do tipo 'struct'
  c:\program files (x86)\windows kits\10\include\10.0.17134.0\um\winsock.h(1011): note: consulte a declaração de 'sockaddr_in'
c:\program files (x86)\windows kits\10\include\10.0.17134.0\um\winsock2.h(136): error C2011: 'fd_set': redefinição do tipo 'struct'
  c:\program files (x86)\windows kits\10\include\10.0.17134.0\um\winsock.h(1019): note: consulte a declaração de 'fd_set'
c:\program files (x86)\windows kits\10\include\10.0.17134.0\um\winsock2.h(156): warning C4005: 'FD_CLR': redefinição de macro
  c:\program files (x86)\windows kits\10\include\10.0.17134.0\um\winsock.h(94): note: consulte a definição anterior de 'FD_CLR'
c:\program files (x86)\windows kits\10\include\10.0.17134.0\um\winsock2.h(171): warning C4005: 'FD_SET': redefinição de macro
  c:\program files (x86)\windows kits\10\include\10.0.17134.0\um\winsock.h(99): note: consulte a definição anterior de 'FD_SET'
c:\program files (x86)\windows kits\10\include\10.0.17134.0\um\winsock2.h(180): error C2011: 'timeval': redefinição do tipo 'struct'
  c:\program files (x86)\windows kits\10\include\10.0.17134.0\um\winsock.h(1035): note: consulte a declaração de 'timeval'
c:\program files (x86)\windows kits\10\include\10.0.17134.0\um\winsock2.h(236): error C2011: 'hostent': redefinição do tipo 'struct'
  c:\program files (x86)\windows kits\10\include\10.0.17134.0\um\winsock.h(1023): note: consulte a declaração de 'hostent'
c:\program files (x86)\windows kits\10\include\10.0.17134.0\um\winsock2.h(249): error C2011: 'netent': redefinição do tipo 'struct'
  c:\program files (x86)\windows kits\10\include\10.0.17134.0\um\winsock.h(177): note: consulte a declaração de 'netent'
c:\program files (x86)\windows kits\10\include\10.0.17134.0\um\winsock2.h(256): error C2011: 'servent': redefinição do tipo 'struct'
  c:\program files (x86)\windows kits\10\include\10.0.17134.0\um\winsock.h(1027): note: consulte a declaração de 'servent'
c:\program files (x86)\windows kits\10\include\10.0.17134.0\um\winsock2.h(268): error C2011: 'protoent': redefinição do tipo 'struct'
  c:\program files (x86)\windows kits\10\include\10.0.17134.0\um\winsock.h(1031): note: consulte a declaração de 'protoent'
c:\program files (x86)\windows kits\10\include\10.0.17134.0\um\winsock2.h(364): error C2011: 'WSAData': redefinição do tipo 'struct'
  c:\program files (x86)\windows kits\10\include\10.0.17134.0\um\winsock.h(319): note: consulte a declaração de 'WSAData'
c:\program files (x86)\windows kits\10\include\10.0.17134.0\um\winsock2.h(462): error C2011: 'sockproto': redefinição do tipo 'struct'
  c:\program files (x86)\windows kits\10\include\10.0.17134.0\um\winsock.h(491): note: consulte a declaração de 'sockproto'
c:\program files (x86)\windows kits\10\include\10.0.17134.0\um\winsock2.h(504): error C2011: 'linger': redefinição do tipo 'struct'
  c:\program files (x86)\windows kits\10\include\10.0.17134.0\um\winsock.h(1015): note: consulte a declaração de 'linger'
c:\program files (x86)\windows kits\10\include\10.0.17134.0\um\winsock2.h(517): warning C4005: 'SOMAXCONN': redefinição de macro
  c:\program files (x86)\windows kits\10\include\10.0.17134.0\um\winsock.h(541): note: consulte a definição anterior de 'SOMAXCONN'
c:\program files (x86)\windows kits\10\include\10.0.17134.0\um\winsock2.h(551): warning C4005: 'FD_READ': redefinição de macro
  c:\program files (x86)\windows kits\10\include\10.0.17134.0\um\winsock.h(559): note: consulte a definição anterior de 'FD_READ'
c:\program files (x86)\windows kits\10\include\10.0.17134.0\um\winsock2.h(554): warning C4005: 'FD_WRITE': redefinição de macro
  c:\program files (x86)\windows kits\10\include\10.0.17134.0\um\winsock.h(560): note: consulte a definição anterior de 'FD_WRITE'
c:\program files (x86)\windows kits\10\include\10.0.17134.0\um\winsock2.h(557): warning C4005: 'FD_OOB': redefinição de macro
  c:\program files (x86)\windows kits\10\include\10.0.17134.0\um\winsock.h(561): note: consulte a definição anterior de 'FD_OOB'
c:\program files (x86)\windows kits\10\include\10.0.17134.0\um\winsock2.h(560): warning C4005: 'FD_ACCEPT': redefinição de macro
  c:\program files (x86)\windows kits\10\include\10.0.17134.0\um\winsock.h(562): note: consulte a definição anterior de 'FD_ACCEPT'
c:\program files (x86)\windows kits\10\include\10.0.17134.0\um\winsock2.h(563): warning C4005: 'FD_CONNECT': redefinição de macro
  c:\program files (x86)\windows kits\10\include\10.0.17134.0\um\winsock.h(563): note: consulte a definição anterior de 'FD_CONNECT'
c:\program files (x86)\windows kits\10\include\10.0.17134.0\um\winsock2.h(566): warning C4005: 'FD_CLOSE': redefinição de macro
  c:\program files (x86)\windows kits\10\include\10.0.17134.0\um\winsock.h(564): note: consulte a definição anterior de 'FD_CLOSE'
c:\program files (x86)\windows kits\10\include\10.0.17134.0\um\winsock2.h(1624): error C2375: 'accept': redefinição; vínculo diferente
  c:\program files (x86)\windows kits\10\include\10.0.17134.0\um\winsock.h(739): note: consulte a declaração de 'accept'
c:\program files (x86)\windows kits\10\include\10.0.17134.0\um\winsock2.h(1646): error C2375: 'bind': redefinição; vínculo diferente
  c:\program files (x86)\windows kits\10\include\10.0.17134.0\um\winsock.h(744): note: consulte a declaração de 'bind'
c:\program files (x86)\windows kits\10\include\10.0.17134.0\um\winsock2.h(1667): error C2375: 'closesocket': redefinição; vínculo diferente
  c:\program files (x86)\windows kits\10\include\10.0.17134.0\um\winsock.h(749): note: consulte a declaração de 'closesocket'
c:\program files (x86)\windows kits\10\include\10.0.17134.0\um\winsock2.h(1684): error C2375: 'connect': redefinição; vínculo diferente
  c:\program files (x86)\windows kits\10\include\10.0.17134.0\um\winsock.h(751): note: consulte a declaração de 'connect'
c:\program files (x86)\windows kits\10\include\10.0.17134.0\um\winsock2.h(1705): error C2375: 'ioctlsocket': redefinição; vínculo diferente
  c:\program files (x86)\windows kits\10\include\10.0.17134.0\um\winsock.h(756): note: consulte a declaração de 'ioctlsocket'
c:\program files (x86)\windows kits\10\include\10.0.17134.0\um\winsock2.h(1728): error C2375: 'getpeername': redefinição; vínculo diferente
  c:\program files (x86)\windows kits\10\include\10.0.17134.0\um\winsock.h(761): note: consulte a declaração de 'getpeername'
c:\program files (x86)\windows kits\10\include\10.0.17134.0\um\winsock2.h(1749): error C2375: 'getsockname': redefinição; vínculo diferente
  c:\program files (x86)\windows kits\10\include\10.0.17134.0\um\winsock.h(766): note: consulte a declaração de 'getsockname'
c:\program files (x86)\windows kits\10\include\10.0.17134.0\um\winsock2.h(1770): error C2375: 'getsockopt': redefinição; vínculo diferente
  c:\program files (x86)\windows kits\10\include\10.0.17134.0\um\winsock.h(771): note: consulte a declaração de 'getsockopt'
c:\program files (x86)\windows kits\10\include\10.0.17134.0\um\winsock2.h(1795): error C2375: 'htonl': redefinição; vínculo diferente
  c:\program files (x86)\windows kits\10\include\10.0.17134.0\um\winsock.h(778): note: consulte a declaração de 'htonl'
c:\program files (x86)\windows kits\10\include\10.0.17134.0\um\winsock2.h(1812): error C2375: 'htons': redefinição; vínculo diferente
  c:\program files (x86)\windows kits\10\include\10.0.17134.0\um\winsock.h(780): note: consulte a declaração de 'htons'
c:\program files (x86)\windows kits\10\include\10.0.17134.0\um\winsock2.h(1830): error C2375: 'inet_addr': redefinição; vínculo diferente
  c:\program files (x86)\windows kits\10\include\10.0.17134.0\um\winsock.h(782): note: consulte a declaração de 'inet_addr'
c:\program files (x86)\windows kits\10\include\10.0.17134.0\um\winsock2.h(1848): error C2375: 'inet_ntoa': redefinição; vínculo diferente
  c:\program files (x86)\windows kits\10\include\10.0.17134.0\um\winsock.h(784): note: consulte a declaração de 'inet_ntoa'
c:\program files (x86)\windows kits\10\include\10.0.17134.0\um\winsock2.h(1948): error C2375: 'listen': redefinição; vínculo diferente
  c:\program files (x86)\windows kits\10\include\10.0.17134.0\um\winsock.h(786): note: consulte a declaração de 'listen'
c:\program files (x86)\windows kits\10\include\10.0.17134.0\um\winsock2.h(1967): error C2375: 'ntohl': redefinição; vínculo diferente
  c:\program files (x86)\windows kits\10\include\10.0.17134.0\um\winsock.h(790): note: consulte a declaração de 'ntohl'
c:\program files (x86)\windows kits\10\include\10.0.17134.0\um\winsock2.h(1984): error C2375: 'ntohs': redefinição; vínculo diferente
  c:\program files (x86)\windows kits\10\include\10.0.17134.0\um\winsock.h(792): note: consulte a declaração de 'ntohs'
c:\program files (x86)\windows kits\10\include\10.0.17134.0\um\winsock2.h(2001): error C2375: 'recv': redefinição; vínculo diferente
  c:\program files (x86)\windows kits\10\include\10.0.17134.0\um\winsock.h(794): note: consulte a declaração de 'recv'
c:\program files (x86)\windows kits\10\include\10.0.17134.0\um\winsock2.h(2024): error C2375: 'recvfrom': redefinição; vínculo diferente
  c:\program files (x86)\windows kits\10\include\10.0.17134.0\um\winsock.h(800): note: consulte a declaração de 'recvfrom'
c:\program files (x86)\windows kits\10\include\10.0.17134.0\um\winsock2.h(2051): error C2375: 'select': redefinição; vínculo diferente
  c:\program files (x86)\windows kits\10\include\10.0.17134.0\um\winsock.h(808): note: consulte a declaração de 'select'
c:\program files (x86)\windows kits\10\include\10.0.17134.0\um\winsock2.h(2076): error C2375: 'send': redefinição; vínculo diferente
  c:\program files (x86)\windows kits\10\include\10.0.17134.0\um\winsock.h(815): note: consulte a declaração de 'send'
c:\program files (x86)\windows kits\10\include\10.0.17134.0\um\winsock2.h(2099): error C2375: 'sendto': redefinição; vínculo diferente
  c:\program files (x86)\windows kits\10\include\10.0.17134.0\um\winsock.h(821): note: consulte a declaração de 'sendto'
c:\program files (x86)\windows kits\10\include\10.0.17134.0\um\winsock2.h(2126): error C2375: 'setsockopt': redefinição; vínculo diferente
  c:\program files (x86)\windows kits\10\include\10.0.17134.0\um\winsock.h(829): note: consulte a declaração de 'setsockopt'
c:\program files (x86)\windows kits\10\include\10.0.17134.0\um\winsock2.h(2151): error C2375: 'shutdown': redefinição; vínculo diferente
  c:\program files (x86)\windows kits\10\include\10.0.17134.0\um\winsock.h(836): note: consulte a declaração de 'shutdown'
c:\program files (x86)\windows kits\10\include\10.0.17134.0\um\winsock2.h(2171): error C2375: 'socket': redefinição; vínculo diferente
  c:\program files (x86)\windows kits\10\include\10.0.17134.0\um\winsock.h(840): note: consulte a declaração de 'socket'
c:\program files (x86)\windows kits\10\include\10.0.17134.0\um\winsock2.h(2196): error C2375: 'gethostbyaddr': redefinição; vínculo diferente
  c:\program files (x86)\windows kits\10\include\10.0.17134.0\um\winsock.h(847): note: consulte a declaração de 'gethostbyaddr'
c:\program files (x86)\windows kits\10\include\10.0.17134.0\um\winsock2.h(2218): error C2375: 'gethostbyname': redefinição; vínculo diferente
  c:\program files (x86)\windows kits\10\include\10.0.17134.0\um\winsock.h(852): note: consulte a declaração de 'gethostbyname'
c:\program files (x86)\windows kits\10\include\10.0.17134.0\um\winsock2.h(2235): error C2375: 'gethostname': redefinição; vínculo diferente
  c:\program files (x86)\windows kits\10\include\10.0.17134.0\um\winsock.h(854): note: consulte a declaração de 'gethostname'
c:\program files (x86)\windows kits\10\include\10.0.17134.0\um\winsock2.h(2275): error C2375: 'getservbyport': redefinição; vínculo diferente
  c:\program files (x86)\windows kits\10\include\10.0.17134.0\um\winsock.h(858): note: consulte a declaração de 'getservbyport'
c:\program files (x86)\windows kits\10\include\10.0.17134.0\um\winsock2.h(2294): error C2375: 'getservbyname': redefinição; vínculo diferente
  c:\program files (x86)\windows kits\10\include\10.0.17134.0\um\winsock.h(862): note: consulte a declaração de 'getservbyname'
c:\program files (x86)\windows kits\10\include\10.0.17134.0\um\winsock2.h(2313): error C2375: 'getprotobynumber': redefinição; vínculo diferente
  c:\program files (x86)\windows kits\10\include\10.0.17134.0\um\winsock.h(866): note: consulte a declaração de 'getprotobynumber'
c:\program files (x86)\windows kits\10\include\10.0.17134.0\um\winsock2.h(2330): error C2375: 'getprotobyname': redefinição; vínculo diferente
  c:\program files (x86)\windows kits\10\include\10.0.17134.0\um\winsock.h(868): note: consulte a declaração de 'getprotobyname'
c:\program files (x86)\windows kits\10\include\10.0.17134.0\um\winsock2.h(2350): error C2375: 'WSAStartup': redefinição; vínculo diferente
  c:\program files (x86)\windows kits\10\include\10.0.17134.0\um\winsock.h(872): note: consulte a declaração de 'WSAStartup'
c:\program files (x86)\windows kits\10\include\10.0.17134.0\um\winsock2.h(2370): error C2375: 'WSACleanup': redefinição; vínculo diferente
  c:\program files (x86)\windows kits\10\include\10.0.17134.0\um\winsock.h(876): note: consulte a declaração de 'WSACleanup'
c:\program files (x86)\windows kits\10\include\10.0.17134.0\um\winsock2.h(2387): error C2375: 'WSASetLastError': redefinição; vínculo diferente
  c:\program files (x86)\windows kits\10\include\10.0.17134.0\um\winsock.h(878): note: consulte a declaração de 'WSASetLastError'
c:\program files (x86)\windows kits\10\include\10.0.17134.0\um\winsock2.h(2404): error C2375: 'WSAGetLastError': redefinição; vínculo diferente
  c:\program files (x86)\windows kits\10\include\10.0.17134.0\um\winsock.h(880): note: consulte a declaração de 'WSAGetLastError'
c:\program files (x86)\windows kits\10\include\10.0.17134.0\um\winsock2.h(2425): error C2375: 'WSAIsBlocking': redefinição; vínculo diferente
  c:\program files (x86)\windows kits\10\include\10.0.17134.0\um\winsock.h(882): note: consulte a declaração de 'WSAIsBlocking'
c:\program files (x86)\windows kits\10\include\10.0.17134.0\um\winsock2.h(2443): error C2375: 'WSAUnhookBlockingHook': redefinição; vínculo diferente
  c:\program files (x86)\windows kits\10\include\10.0.17134.0\um\winsock.h(884): note: consulte a declaração de 'WSAUnhookBlockingHook'
c:\program files (x86)\windows kits\10\include\10.0.17134.0\um\winsock2.h(2461): error C2375: 'WSASetBlockingHook': redefinição; vínculo diferente
  c:\program files (x86)\windows kits\10\include\10.0.17134.0\um\winsock.h(886): note: consulte a declaração de 'WSASetBlockingHook'
c:\program files (x86)\windows kits\10\include\10.0.17134.0\um\winsock2.h(2479): error C2375: 'WSACancelBlockingCall': redefinição; vínculo diferente
  c:\program files (x86)\windows kits\10\include\10.0.17134.0\um\winsock.h(888): note: consulte a declaração de 'WSACancelBlockingCall'
c:\program files (x86)\windows kits\10\include\10.0.17134.0\um\winsock2.h(2497): error C2375: 'WSAAsyncGetServByName': redefinição; vínculo diferente
  c:\program files (x86)\windows kits\10\include\10.0.17134.0\um\winsock.h(890): note: consulte a declaração de 'WSAAsyncGetServByName'
c:\program files (x86)\windows kits\10\include\10.0.17134.0\um\winsock2.h(2525): error C2375: 'WSAAsyncGetServByPort': redefinição; vínculo diferente
  c:\program files (x86)\windows kits\10\include\10.0.17134.0\um\winsock.h(898): note: consulte a declaração de 'WSAAsyncGetServByPort'
c:\program files (x86)\windows kits\10\include\10.0.17134.0\um\winsock2.h(2553): error C2375: 'WSAAsyncGetProtoByName': redefinição; vínculo diferente
  c:\program files (x86)\windows kits\10\include\10.0.17134.0\um\winsock.h(906): note: consulte a declaração de 'WSAAsyncGetProtoByName'
c:\program files (x86)\windows kits\10\include\10.0.17134.0\um\winsock2.h(2579): error C2375: 'WSAAsyncGetProtoByNumber': redefinição; vínculo diferente
  c:\program files (x86)\windows kits\10\include\10.0.17134.0\um\winsock.h(913): note: consulte a declaração de 'WSAAsyncGetProtoByNumber'
c:\program files (x86)\windows kits\10\include\10.0.17134.0\um\winsock2.h(2605): error C2375: 'WSAAsyncGetHostByName': redefinição; vínculo diferente
  c:\program files (x86)\windows kits\10\include\10.0.17134.0\um\winsock.h(920): note: consulte a declaração de 'WSAAsyncGetHostByName'
c:\program files (x86)\windows kits\10\include\10.0.17134.0\um\winsock2.h(2631): error C2375: 'WSAAsyncGetHostByAddr': redefinição; vínculo diferente
  c:\program files (x86)\windows kits\10\include\10.0.17134.0\um\winsock.h(927): note: consulte a declaração de 'WSAAsyncGetHostByAddr'
c:\program files (x86)\windows kits\10\include\10.0.17134.0\um\winsock2.h(2661): error C2375: 'WSACancelAsyncRequest': redefinição; vínculo diferente
  c:\program files (x86)\windows kits\10\include\10.0.17134.0\um\winsock.h(936): note: consulte a declaração de 'WSACancelAsyncRequest'
c:\program files (x86)\windows kits\10\include\10.0.17134.0\um\winsock2.h(2679): error C2375: 'WSAAsyncSelect': redefinição; vínculo diferente
  c:\program files (x86)\windows kits\10\include\10.0.17134.0\um\winsock.h(938): note: consulte a declaração de 'WSAAsyncSelect'
